2023-08-13 06:10:44 error: hello error
2023-08-13 06:10:44 debug: heelo debug
2023-08-13 06:10:44 warn: hello warn
2023-08-13 06:10:44 info: ghello info
2023-08-13 06:11:05 error: hello error
2023-08-13 06:11:05 debug: heelo debug
2023-08-13 06:11:05 warn: hello warn
2023-08-13 06:11:05 info: ghello info
2023-08-25 11:23:16 info: [object Object]
2023-08-25 11:25:27 info: [object Object]
2023-08-25 11:26:00 info: [object Object]
2023-08-25 11:26:35 info: [object Object]
2023-08-25 16:05:43 info: [object Object]
2023-08-25 16:11:57 info: [object Object]
<<<<<<< HEAD
2023-08-29 15:12:25 info: https://res.cloudinary.com/dz7nwcejb/image/upload/v1693314747/profileImages/aytizs5l8gz6f9hlvcuk.jpg
2023-08-29 15:14:42 info: https://res.cloudinary.com/dz7nwcejb/image/upload/v1693314883/profileImages/wy2degzbnqshwjbmwwg0.jpg
2023-08-29 15:15:38 info: https://res.cloudinary.com/dz7nwcejb/image/upload/v1693314940/profileImages/hvw6pg53c0zr3ammwsbm.jpg
2023-08-29 15:17:46 info: https://res.cloudinary.com/dz7nwcejb/image/upload/v1693315068/profileImages/r92vcyi9uziik4oy3nqp.jpg
2023-08-29 15:19:03 info: https://res.cloudinary.com/dz7nwcejb/image/upload/v1693315145/profileImages/ecamtl1krbskxhhznumo.jpg
2023-08-29 16:46:13 info: https://res.cloudinary.com/dz7nwcejb/image/upload/v1693320375/profileImages/biufq7famffyf7houvni.jpg
2023-08-29 16:49:25 info: https://res.cloudinary.com/dz7nwcejb/image/upload/v1693320566/profileImages/jprqepgeq1txyl33emie.jpg
2023-08-29 16:50:22 info: https://res.cloudinary.com/dz7nwcejb/image/upload/v1693320623/profileImages/sfm9ilqyt18xlny80uwz.jpg
2023-08-29 16:51:10 info: https://res.cloudinary.com/dz7nwcejb/image/upload/v1693320671/profileImages/c0btzan6owmrch0v4g2q.jpg
2023-08-29 16:51:50 info: {
  _id: new ObjectId("64ee034900aa748a733d38c8"),
  Name: 'team009',
  Password: '$2a$10$L02WA2dCbmV905/JxTUEwOKVqN5rI5tRIQ2o165Z53o0MW6k0B5vS',
  Members: [],
  TeamLeader: {
    _id: new ObjectId("64ecd4ece6d92388e385aa73"),
    Email: 'amrking006@gmail.com',
    Password: '$2a$10$tvO9E7ZbZoC6CnnAMVbPT.xeypR0IIcgs6KJI6e/NOivGMwW0D84i',
    Name: 'Amr006',
    Verified: true,
    Teams: [],
    createdAt: 2023-08-28T17:10:04.574Z,
    updatedAt: 2023-08-29T13:19:03.651Z,
    __v: 0,
    Image: 'https://res.cloudinary.com/dz7nwcejb/image/upload/v1693315068/profileImages/r92vcyi9uziik4oy3nqp.jpg',
    BackgroundImage: 'https://res.cloudinary.com/dz7nwcejb/image/upload/v1693315145/profileImages/ecamtl1krbskxhhznumo.jpg'
  },
  createdAt: 2023-08-29T14:40:09.605Z,
  updatedAt: 2023-08-29T14:40:09.605Z,
  __v: 0
}
2023-08-29 17:29:36 info: {
  _id: new ObjectId("64ee034900aa748a733d38c8"),
  Name: 'team009',
  Password: '$2a$10$L02WA2dCbmV905/JxTUEwOKVqN5rI5tRIQ2o165Z53o0MW6k0B5vS',
  Members: [],
  TeamLeader: {
    _id: new ObjectId("64ecd4ece6d92388e385aa73"),
    Email: 'amrking006@gmail.com',
    Password: '$2a$10$tvO9E7ZbZoC6CnnAMVbPT.xeypR0IIcgs6KJI6e/NOivGMwW0D84i',
    Name: 'Amr006',
    Verified: true,
    Teams: [],
    createdAt: 2023-08-28T17:10:04.574Z,
    updatedAt: 2023-08-29T13:19:03.651Z,
    __v: 0,
    Image: 'https://res.cloudinary.com/dz7nwcejb/image/upload/v1693315068/profileImages/r92vcyi9uziik4oy3nqp.jpg',
    BackgroundImage: 'https://res.cloudinary.com/dz7nwcejb/image/upload/v1693315145/profileImages/ecamtl1krbskxhhznumo.jpg'
  },
  createdAt: 2023-08-29T14:40:09.605Z,
  updatedAt: 2023-08-29T15:29:36.608Z,
  __v: 0,
  Image: 'https://res.cloudinary.com/dz7nwcejb/image/upload/v1693322975/profileImages/wzsij7xaqsm3fgoi0fk8.jpg'
}
2023-08-29 17:30:37 info: {
  _id: new ObjectId("64ee034900aa748a733d38c8"),
  Name: 'team009',
  Password: '$2a$10$L02WA2dCbmV905/JxTUEwOKVqN5rI5tRIQ2o165Z53o0MW6k0B5vS',
  Members: [],
  TeamLeader: {
    _id: new ObjectId("64ecd4ece6d92388e385aa73"),
    Email: 'amrking006@gmail.com',
    Password: '$2a$10$tvO9E7ZbZoC6CnnAMVbPT.xeypR0IIcgs6KJI6e/NOivGMwW0D84i',
    Name: 'Amr006',
    Verified: true,
    Teams: [],
    createdAt: 2023-08-28T17:10:04.574Z,
    updatedAt: 2023-08-29T13:19:03.651Z,
    __v: 0,
    Image: 'https://res.cloudinary.com/dz7nwcejb/image/upload/v1693315068/profileImages/r92vcyi9uziik4oy3nqp.jpg',
    BackgroundImage: 'https://res.cloudinary.com/dz7nwcejb/image/upload/v1693315145/profileImages/ecamtl1krbskxhhznumo.jpg'
  },
  createdAt: 2023-08-29T14:40:09.605Z,
  updatedAt: 2023-08-29T15:29:36.608Z,
  __v: 0,
  Image: 'https://res.cloudinary.com/dz7nwcejb/image/upload/v1693323036/profileImages/tkq7sdy9bwjdddq1oqaa.jpg'
}
=======
2023-08-29 14:22:42 info: https://res.cloudinary.com/dz7nwcejb/image/upload/v1693311761/profileImages/ucgxd8bzbakdspbgayg9.jpg
2023-08-29 21:00:59 info: https://res.cloudinary.com/dz7nwcejb/image/upload/v1693335658/profileImages/fg6at9jrspmsvgcsymlo.jpg
2023-08-29 21:02:04 info: https://res.cloudinary.com/dz7nwcejb/image/upload/v1693335724/profileImages/i2wwafnvlfgmrug2uhau.jpg
2023-08-29 21:12:28 info: https://res.cloudinary.com/dz7nwcejb/image/upload/v1693336348/profileImages/u2cwyzmutcigm5ftoh2b.jpg
2023-08-29 21:43:10 info: https://res.cloudinary.com/dz7nwcejb/image/upload/v1693338190/profileImages/hwcuh0j97umwi1q5btt2.jpg
>>>>>>> 9161560f3eb3defc8cb44aa993b2f0e20f7d3593
2023-08-31 21:29:42 info: [object Object]
2023-08-31 21:30:10 info: [object Object]
2023-08-31 21:31:26 info: [object Object]
2023-08-31 21:31:58 info: [object Object]
2023-08-31 21:32:00 info: [object Object]
2023-08-31 21:34:30 info: [object Object]
2023-08-31 21:34:33 info: [object Object]
2023-08-31 21:34:43 info: [object Object]
2023-08-31 21:34:47 info: [object Object]
2023-08-31 21:36:31 info: [object Object]
2023-08-31 21:36:32 info: [object Object]
2023-08-31 21:38:40 info: [object Object]
2023-08-31 21:49:40 info: [object Object]
2023-08-31 22:11:10 info: [object Object]
2023-08-31 22:19:33 info: [object Object]
2023-08-31 22:22:27 info: [object Object]
2023-08-31 22:23:03 info: [object Object]
2023-08-31 22:29:41 info: [object Object]
2023-08-31 22:40:57 info: [object Object]
2023-08-31 22:41:51 info: [object Object]
2023-08-31 23:00:07 info: [object Object]
2023-08-31 23:02:54 info: false
2023-08-31 23:05:02 info: false
2023-08-31 23:07:34 info: false
2023-08-31 23:09:19 info: false
2023-08-31 23:09:38 info: false
2023-08-31 23:11:12 info: false
2023-08-31 23:11:50 info: https://res.cloudinary.com/dz7nwcejb/image/upload/v1693516309/profileImages/adzxmmtwy7pfrdcu1bpa.png
2023-08-31 23:13:34 info: [object Object]
2023-08-31 23:15:27 info: [object Object]
2023-08-31 23:16:26 info: [object Object]
2023-08-31 23:16:52 info: [object Object]
2023-08-31 23:17:11 info: [object Object]
2023-08-31 23:17:45 info: [object Object]
2023-08-31 23:19:05 info: https://res.cloudinary.com/dz7nwcejb/image/upload/v1693516745/profileImages/pbuybjcjfvcssxehs9zh.png
2023-08-31 23:19:38 info: https://res.cloudinary.com/dz7nwcejb/image/upload/v1693516778/profileImages/ox6yj8nbw3tjby7vb7he.png
2023-08-31 23:21:00 info: [object Object]
2023-08-31 23:27:09 info: [object Object]
2023-08-31 23:28:22 info: [object Object]
2023-08-31 23:28:45 info: [object Object]
2023-08-31 23:28:50 info: [object Object]
2023-08-31 23:31:53 info: [object Object]
2023-08-31 23:36:56 info: https://res.cloudinary.com/dz7nwcejb/image/upload/v1693517815/profileImages/pwvdq6xfwlxflvdggk3l.jpg
2023-08-31 23:53:07 info: [object Object]
2023-08-31 23:56:37 info: [object Object]
2023-08-31 23:58:20 info: [object Object]
2023-09-01 00:00:10 info: https://res.cloudinary.com/dz7nwcejb/image/upload/v1693519209/profileImages/jw6dilcz9ky7cx9ahar7.jpg
2023-09-01 00:00:22 info: https://res.cloudinary.com/dz7nwcejb/image/upload/v1693519222/profileImages/vt2agdh4eehuqof52u1w.jpg
2023-09-01 00:03:30 info: [object Object]
2023-09-01 00:07:51 info: false
2023-09-01 00:09:39 info: https://res.cloudinary.com/dz7nwcejb/image/upload/v1693519779/profileImages/aveu9jvltajhy6qisspd.jpg
2023-09-01 00:12:08 info: [object Object]
2023-09-01 00:19:56 info: [object Object]
2023-09-01 00:24:09 info: [object Object]
2023-09-01 00:39:08 info: [object Object]
